<?xml version="1.0" encoding="UTF-8"?>
<coverage generated="1759795337">
  <project timestamp="1759795337">
    <package name="Controller">
      <file name="C:\xampp\htdocs\GradeUp\Controller\NotesController.php">
        <class name="Controller\NotesController" namespace="Controller">
          <metrics complexity="12" methods="3" coveredmethods="2" conditionals="0" coveredconditionals="0" statements="18" coveredstatements="14" elements="21" coveredelements="16"/>
        </class>
        <line num="13" type="method" name="__construct" visibility="public" complexity="1" crap="1" count="5"/>
        <line num="14" type="stmt" count="5"/>
        <line num="17" type="method" name="calculateMedia" visibility="public" complexity="10" crap="11.56" count="5"/>
        <line num="20" type="stmt" count="5"/>
        <line num="21" type="stmt" count="5"/>
        <line num="22" type="stmt" count="4"/>
        <line num="23" type="stmt" count="3"/>
        <line num="24" type="stmt" count="3"/>
        <line num="27" type="stmt" count="3"/>
        <line num="28" type="stmt" count="3"/>
        <line num="29" type="stmt" count="3"/>
        <line num="30" type="stmt" count="0"/>
        <line num="31" type="stmt" count="3"/>
        <line num="33" type="stmt" count="1"/>
        <line num="36" type="stmt" count="1"/>
        <line num="39" type="stmt" count="5"/>
        <line num="40" type="stmt" count="0"/>
        <line num="41" type="stmt" count="0"/>
        <line num="42" type="stmt" count="0"/>
        <line num="46" type="method" name="saveMedia" visibility="public" complexity="1" crap="1" count="1"/>
        <line num="47" type="stmt" count="1"/>
        <metrics loc="51" ncloc="49" classes="1" methods="3" coveredmethods="2" conditionals="0" coveredconditionals="0" statements="18" coveredstatements="14" elements="21" coveredelements="16"/>
      </file>
      <file name="C:\xampp\htdocs\GradeUp\Controller\UserController.php">
        <class name="Controller\UserController" namespace="Controller">
          <metrics complexity="13" methods="6" coveredmethods="3" conditionals="0" coveredconditionals="0" statements="14" coveredstatements="11" elements="20" coveredelements="14"/>
        </class>
        <line num="10" type="method" name="__construct" visibility="public" complexity="1" crap="1" count="5"/>
        <line num="11" type="stmt" count="5"/>
        <line num="14" type="method" name="createUser" visibility="public" complexity="6" crap="7.33" count="2"/>
        <line num="16" type="stmt" count="2"/>
        <line num="17" type="stmt" count="0"/>
        <line num="20" type="stmt" count="2"/>
        <line num="23" type="method" name="checkUserByEmail" visibility="public" complexity="1" crap="2" count="0"/>
        <line num="24" type="stmt" count="0"/>
        <line num="27" type="method" name="login" visibility="public" complexity="3" crap="3" count="2"/>
        <line num="28" type="stmt" count="2"/>
        <line num="30" type="stmt" count="2"/>
        <line num="31" type="stmt" count="1"/>
        <line num="32" type="stmt" count="1"/>
        <line num="33" type="stmt" count="1"/>
        <line num="35" type="stmt" count="1"/>
        <line num="38" type="stmt" count="1"/>
        <line num="41" type="method" name="isLoggedIn" visibility="public" complexity="1" crap="1" count="1"/>
        <line num="42" type="stmt" count="1"/>
        <line num="45" type="method" name="getUserData" visibility="public" complexity="1" crap="2" count="0"/>
        <line num="46" type="stmt" count="0"/>
        <metrics loc="49" ncloc="49" classes="1" methods="6" coveredmethods="3" conditionals="0" coveredconditionals="0" statements="14" coveredstatements="11" elements="20" coveredelements="14"/>
      </file>
    </package>
    <metrics files="2" loc="100" ncloc="98" classes="2" methods="9" coveredmethods="5" conditionals="0" coveredconditionals="0" statements="32" coveredstatements="25" elements="41" coveredelements="30"/>
  </project>
</coverage>
